2023-11-15T00:00:14.540+01:00  INFO 44581 --- [restartedMain] com.todo.TodoApplication                 : Starting TodoApplication using Java 21 with PID 44581 (/Users/inna/Documents/IT/Spring_Second/todo/target/classes started by inna in /Users/inna/Documents/IT/Spring_Second/todo)
2023-11-15T00:00:14.543+01:00  INFO 44581 --- [restartedMain] com.todo.TodoApplication                 : No active profile set, falling back to 1 default profile: "default"
2023-11-15T00:00:14.569+01:00  INFO 44581 --- [restartedMain] .e.DevToolsPropertyDefaultsPostProcessor : Devtools property defaults active! Set 'spring.devtools.add-properties' to 'false' to disable
2023-11-15T00:00:14.570+01:00  INFO 44581 --- [restartedMain] .e.DevToolsPropertyDefaultsPostProcessor : For additional web related logging consider setting the 'logging.level.web' property to 'DEBUG'
2023-11-15T00:00:15.020+01:00  INFO 44581 --- [restartedMain] .s.d.r.c.RepositoryConfigurationDelegate : Multiple Spring Data modules found, entering strict repository configuration mode
2023-11-15T00:00:15.024+01:00  INFO 44581 --- [restartedMain] .s.d.r.c.RepositoryConfigurationDelegate : Bootstrapping Spring Data JDBC repositories in DEFAULT mode.
2023-11-15T00:00:15.039+01:00  INFO 44581 --- [restartedMain] .RepositoryConfigurationExtensionSupport : Spring Data JDBC - Could not safely identify store assignment for repository candidate interface com.todo.repository.TaskRepository; If you want this repository to be a JDBC repository, consider annotating your entities with one of these annotations: org.springframework.data.relational.core.mapping.Table.
2023-11-15T00:00:15.040+01:00  INFO 44581 --- [restartedMain] .RepositoryConfigurationExtensionSupport : Spring Data JDBC - Could not safely identify store assignment for repository candidate interface com.todo.repository.UserRepository; If you want this repository to be a JDBC repository, consider annotating your entities with one of these annotations: org.springframework.data.relational.core.mapping.Table.
2023-11-15T00:00:15.040+01:00  INFO 44581 --- [restartedMain] .s.d.r.c.RepositoryConfigurationDelegate : Finished Spring Data repository scanning in 13 ms. Found 0 JDBC repository interfaces.
2023-11-15T00:00:15.044+01:00  INFO 44581 --- [restartedMain] .s.d.r.c.RepositoryConfigurationDelegate : Multiple Spring Data modules found, entering strict repository configuration mode
2023-11-15T00:00:15.045+01:00  INFO 44581 --- [restartedMain] .s.d.r.c.RepositoryConfigurationDelegate : Bootstrapping Spring Data JPA repositories in DEFAULT mode.
2023-11-15T00:00:15.055+01:00  INFO 44581 --- [restartedMain] .s.d.r.c.RepositoryConfigurationDelegate : Finished Spring Data repository scanning in 9 ms. Found 2 JPA repository interfaces.
2023-11-15T00:00:15.324+01:00  INFO 44581 --- [restartedMain] o.s.b.w.embedded.tomcat.TomcatWebServer  : Tomcat initialized with port(s): 8080 (http)
2023-11-15T00:00:15.328+01:00  INFO 44581 --- [restartedMain] o.apache.catalina.core.StandardService   : Starting service [Tomcat]
2023-11-15T00:00:15.328+01:00  INFO 44581 --- [restartedMain] o.apache.catalina.core.StandardEngine    : Starting Servlet engine: [Apache Tomcat/10.1.15]
2023-11-15T00:00:15.355+01:00  INFO 44581 --- [restartedMain] o.a.c.c.C.[Tomcat].[localhost].[/]       : Initializing Spring embedded WebApplicationContext
2023-11-15T00:00:15.355+01:00  INFO 44581 --- [restartedMain] w.s.c.ServletWebServerApplicationContext : Root WebApplicationContext: initialization completed in 785 ms
2023-11-15T00:00:15.480+01:00  INFO 44581 --- [restartedMain] o.hibernate.jpa.internal.util.LogHelper  : HHH000204: Processing PersistenceUnitInfo [name: default]
2023-11-15T00:00:15.512+01:00  INFO 44581 --- [restartedMain] org.hibernate.Version                    : HHH000412: Hibernate ORM core version 6.2.13.Final
2023-11-15T00:00:15.513+01:00  INFO 44581 --- [restartedMain] org.hibernate.cfg.Environment            : HHH000406: Using bytecode reflection optimizer
2023-11-15T00:00:15.619+01:00  INFO 44581 --- [restartedMain] o.s.o.j.p.SpringPersistenceUnitInfo      : No LoadTimeWeaver setup: ignoring JPA class transformer
2023-11-15T00:00:15.630+01:00  INFO 44581 --- [restartedMain] com.zaxxer.hikari.HikariDataSource       : HikariPool-1 - Starting...
2023-11-15T00:00:15.687+01:00  INFO 44581 --- [restartedMain] com.zaxxer.hikari.pool.HikariPool        : HikariPool-1 - Added connection org.postgresql.jdbc.PgConnection@1737d5ac
2023-11-15T00:00:15.688+01:00  INFO 44581 --- [restartedMain] com.zaxxer.hikari.HikariDataSource       : HikariPool-1 - Start completed.
2023-11-15T00:00:15.707+01:00  WARN 44581 --- [restartedMain] org.hibernate.orm.deprecation            : HHH90000025: PostgreSQLDialect does not need to be specified explicitly using 'hibernate.dialect' (remove the property setting and it will be selected by default)
2023-11-15T00:00:16.037+01:00  INFO 44581 --- [restartedMain] o.h.e.t.j.p.i.JtaPlatformInitiator       : HHH000489: No JTA platform available (set 'hibernate.transaction.jta.platform' to enable JTA platform integration)
2023-11-15T00:00:16.068+01:00  INFO 44581 --- [restartedMain] j.LocalContainerEntityManagerFactoryBean : Initialized JPA EntityManagerFactory for persistence unit 'default'
2023-11-15T00:00:16.236+01:00  WARN 44581 --- [restartedMain] JpaBaseConfiguration$JpaWebConfiguration : spring.jpa.open-in-view is enabled by default. Therefore, database queries may be performed during view rendering. Explicitly configure spring.jpa.open-in-view to disable this warning
2023-11-15T00:00:16.743+01:00  INFO 44581 --- [restartedMain] o.s.b.a.e.web.EndpointLinksResolver      : Exposing 1 endpoint(s) beneath base path '/actuator'
2023-11-15T00:00:16.769+01:00  INFO 44581 --- [restartedMain] o.s.s.web.DefaultSecurityFilterChain     : Will secure any request with [org.springframework.security.web.session.DisableEncodeUrlFilter@dd1f52c, org.springframework.security.web.context.request.async.WebAsyncManagerIntegrationFilter@57976904, org.springframework.security.web.context.SecurityContextHolderFilter@31f06f9d, org.springframework.security.web.header.HeaderWriterFilter@7d1289de, org.springframework.security.web.authentication.logout.LogoutFilter@7fc5422, org.springframework.security.web.authentication.UsernamePasswordAuthenticationFilter@10f51be0, org.springframework.security.web.authentication.ui.DefaultLoginPageGeneratingFilter@5ac60da3, org.springframework.security.web.authentication.ui.DefaultLogoutPageGeneratingFilter@34483351, org.springframework.security.web.authentication.www.BasicAuthenticationFilter@5d06a496, org.springframework.security.web.savedrequest.RequestCacheAwareFilter@48f59356, org.springframework.security.web.servletapi.SecurityContextHolderAwareRequestFilter@7f19d9d0, org.springframework.security.web.authentication.AnonymousAuthenticationFilter@7e9529b0, org.springframework.security.web.access.ExceptionTranslationFilter@3cf04726, org.springframework.security.web.access.intercept.AuthorizationFilter@db01701]
2023-11-15T00:00:16.995+01:00  INFO 44581 --- [restartedMain] o.s.b.d.a.OptionalLiveReloadServer       : LiveReload server is running on port 35729
2023-11-15T00:00:17.032+01:00  INFO 44581 --- [restartedMain] o.s.b.w.embedded.tomcat.TomcatWebServer  : Tomcat started on port(s): 8080 (http) with context path ''
2023-11-15T00:00:17.042+01:00  INFO 44581 --- [restartedMain] com.todo.TodoApplication                 : Started TodoApplication in 2.667 seconds (process running for 2.977)
2023-11-15T00:00:17.325+01:00  INFO 44581 --- [RMI TCP Connection(4)-192.168.8.109] o.a.c.c.C.[Tomcat].[localhost].[/]       : Initializing Spring DispatcherServlet 'dispatcherServlet'
2023-11-15T00:00:17.325+01:00  INFO 44581 --- [RMI TCP Connection(4)-192.168.8.109] o.s.web.servlet.DispatcherServlet        : Initializing Servlet 'dispatcherServlet'
2023-11-15T00:00:17.326+01:00  INFO 44581 --- [RMI TCP Connection(4)-192.168.8.109] o.s.web.servlet.DispatcherServlet        : Completed initialization in 1 ms
2023-11-15T00:00:24.279+01:00  INFO 44581 --- [http-nio-8080-exec-8] o.springdoc.api.AbstractOpenApiResource  : Init duration for springdoc-openapi is: 88 ms
2023-11-15T00:03:08.246+01:00  INFO 44581 --- [File Watcher] rtingClassPathChangeChangedEventListener : Restarting due to 3 class path changes (0 additions, 0 deletions, 3 modifications)
2023-11-15T00:03:08.261+01:00  INFO 44581 --- [Thread-5] o.apache.catalina.core.StandardService   : Stopping service [Tomcat]
2023-11-15T00:03:08.263+01:00  INFO 44581 --- [Thread-5] o.a.c.c.C.[Tomcat].[localhost].[/]       : Destroying Spring FrameworkServlet 'dispatcherServlet'
2023-11-15T00:03:08.278+01:00  INFO 44581 --- [Thread-5] j.LocalContainerEntityManagerFactoryBean : Closing JPA EntityManagerFactory for persistence unit 'default'
2023-11-15T00:03:08.283+01:00  INFO 44581 --- [Thread-5] com.zaxxer.hikari.HikariDataSource       : HikariPool-1 - Shutdown initiated...
2023-11-15T00:03:08.285+01:00  INFO 44581 --- [Thread-5] com.zaxxer.hikari.HikariDataSource       : HikariPool-1 - Shutdown completed.
2023-11-15T00:03:08.333+01:00  INFO 44581 --- [restartedMain] com.todo.TodoApplication                 : Starting TodoApplication using Java 21 with PID 44581 (/Users/inna/Documents/IT/Spring_Second/todo/target/classes started by inna in /Users/inna/Documents/IT/Spring_Second/todo)
2023-11-15T00:03:08.333+01:00  INFO 44581 --- [restartedMain] com.todo.TodoApplication                 : No active profile set, falling back to 1 default profile: "default"
2023-11-15T00:03:08.453+01:00  INFO 44581 --- [restartedMain] .s.d.r.c.RepositoryConfigurationDelegate : Multiple Spring Data modules found, entering strict repository configuration mode
2023-11-15T00:03:08.453+01:00  INFO 44581 --- [restartedMain] .s.d.r.c.RepositoryConfigurationDelegate : Bootstrapping Spring Data JDBC repositories in DEFAULT mode.
2023-11-15T00:03:08.455+01:00  INFO 44581 --- [restartedMain] .RepositoryConfigurationExtensionSupport : Spring Data JDBC - Could not safely identify store assignment for repository candidate interface com.todo.repository.TaskRepository; If you want this repository to be a JDBC repository, consider annotating your entities with one of these annotations: org.springframework.data.relational.core.mapping.Table.
2023-11-15T00:03:08.456+01:00  INFO 44581 --- [restartedMain] .RepositoryConfigurationExtensionSupport : Spring Data JDBC - Could not safely identify store assignment for repository candidate interface com.todo.repository.UserRepository; If you want this repository to be a JDBC repository, consider annotating your entities with one of these annotations: org.springframework.data.relational.core.mapping.Table.
2023-11-15T00:03:08.456+01:00  INFO 44581 --- [restartedMain] .s.d.r.c.RepositoryConfigurationDelegate : Finished Spring Data repository scanning in 2 ms. Found 0 JDBC repository interfaces.
2023-11-15T00:03:08.458+01:00  INFO 44581 --- [restartedMain] .s.d.r.c.RepositoryConfigurationDelegate : Multiple Spring Data modules found, entering strict repository configuration mode
2023-11-15T00:03:08.458+01:00  INFO 44581 --- [restartedMain] .s.d.r.c.RepositoryConfigurationDelegate : Bootstrapping Spring Data JPA repositories in DEFAULT mode.
2023-11-15T00:03:08.461+01:00  INFO 44581 --- [restartedMain] .s.d.r.c.RepositoryConfigurationDelegate : Finished Spring Data repository scanning in 2 ms. Found 2 JPA repository interfaces.
2023-11-15T00:03:08.527+01:00  INFO 44581 --- [restartedMain] o.s.b.w.embedded.tomcat.TomcatWebServer  : Tomcat initialized with port(s): 8080 (http)
2023-11-15T00:03:08.527+01:00  INFO 44581 --- [restartedMain] o.apache.catalina.core.StandardService   : Starting service [Tomcat]
2023-11-15T00:03:08.527+01:00  INFO 44581 --- [restartedMain] o.apache.catalina.core.StandardEngine    : Starting Servlet engine: [Apache Tomcat/10.1.15]
2023-11-15T00:03:08.534+01:00  INFO 44581 --- [restartedMain] o.a.c.c.C.[Tomcat].[localhost].[/]       : Initializing Spring embedded WebApplicationContext
2023-11-15T00:03:08.534+01:00  INFO 44581 --- [restartedMain] w.s.c.ServletWebServerApplicationContext : Root WebApplicationContext: initialization completed in 200 ms
2023-11-15T00:03:08.582+01:00  INFO 44581 --- [restartedMain] o.hibernate.jpa.internal.util.LogHelper  : HHH000204: Processing PersistenceUnitInfo [name: default]
2023-11-15T00:03:08.584+01:00  INFO 44581 --- [restartedMain] o.s.o.j.p.SpringPersistenceUnitInfo      : No LoadTimeWeaver setup: ignoring JPA class transformer
2023-11-15T00:03:08.585+01:00  INFO 44581 --- [restartedMain] com.zaxxer.hikari.HikariDataSource       : HikariPool-2 - Starting...
2023-11-15T00:03:08.597+01:00  INFO 44581 --- [restartedMain] com.zaxxer.hikari.pool.HikariPool        : HikariPool-2 - Added connection org.postgresql.jdbc.PgConnection@2375cbf
2023-11-15T00:03:08.597+01:00  INFO 44581 --- [restartedMain] com.zaxxer.hikari.HikariDataSource       : HikariPool-2 - Start completed.
2023-11-15T00:03:08.607+01:00  WARN 44581 --- [restartedMain] org.hibernate.orm.deprecation            : HHH90000025: PostgreSQLDialect does not need to be specified explicitly using 'hibernate.dialect' (remove the property setting and it will be selected by default)
2023-11-15T00:03:08.627+01:00  INFO 44581 --- [restartedMain] o.h.e.t.j.p.i.JtaPlatformInitiator       : HHH000489: No JTA platform available (set 'hibernate.transaction.jta.platform' to enable JTA platform integration)
2023-11-15T00:03:08.645+01:00  INFO 44581 --- [restartedMain] j.LocalContainerEntityManagerFactoryBean : Initialized JPA EntityManagerFactory for persistence unit 'default'
2023-11-15T00:03:08.693+01:00  WARN 44581 --- [restartedMain] JpaBaseConfiguration$JpaWebConfiguration : spring.jpa.open-in-view is enabled by default. Therefore, database queries may be performed during view rendering. Explicitly configure spring.jpa.open-in-view to disable this warning
2023-11-15T00:03:09.001+01:00  INFO 44581 --- [restartedMain] o.s.b.a.e.web.EndpointLinksResolver      : Exposing 1 endpoint(s) beneath base path '/actuator'
2023-11-15T00:03:09.012+01:00  INFO 44581 --- [restartedMain] o.s.s.web.DefaultSecurityFilterChain     : Will secure any request with [org.springframework.security.web.session.DisableEncodeUrlFilter@12c8f89c, org.springframework.security.web.context.request.async.WebAsyncManagerIntegrationFilter@2f911244, org.springframework.security.web.context.SecurityContextHolderFilter@47036f97, org.springframework.security.web.header.HeaderWriterFilter@23c6ad7c, org.springframework.security.web.authentication.logout.LogoutFilter@2c743cd0, org.springframework.security.web.authentication.UsernamePasswordAuthenticationFilter@5bbe40fd, org.springframework.security.web.authentication.ui.DefaultLoginPageGeneratingFilter@2c17fd48, org.springframework.security.web.authentication.ui.DefaultLogoutPageGeneratingFilter@1b5cc833, org.springframework.security.web.authentication.www.BasicAuthenticationFilter@550c3ea3, org.springframework.security.web.savedrequest.RequestCacheAwareFilter@376d6e22, org.springframework.security.web.servletapi.SecurityContextHolderAwareRequestFilter@3aac1a2c, org.springframework.security.web.authentication.AnonymousAuthenticationFilter@324cda0d, org.springframework.security.web.access.ExceptionTranslationFilter@7f7e565d, org.springframework.security.web.access.intercept.AuthorizationFilter@3a40f49d]
2023-11-15T00:03:09.079+01:00  INFO 44581 --- [restartedMain] o.s.b.d.a.OptionalLiveReloadServer       : LiveReload server is running on port 35729
2023-11-15T00:03:09.089+01:00  INFO 44581 --- [restartedMain] o.s.b.w.embedded.tomcat.TomcatWebServer  : Tomcat started on port(s): 8080 (http) with context path ''
2023-11-15T00:03:09.093+01:00  INFO 44581 --- [restartedMain] com.todo.TodoApplication                 : Started TodoApplication in 0.77 seconds (process running for 175.039)
2023-11-15T00:03:09.095+01:00  INFO 44581 --- [restartedMain] .ConditionEvaluationDeltaLoggingListener : Condition evaluation unchanged
2023-11-15T00:03:22.832+01:00  INFO 44581 --- [http-nio-8080-exec-1] o.a.c.c.C.[Tomcat].[localhost].[/]       : Initializing Spring DispatcherServlet 'dispatcherServlet'
2023-11-15T00:03:22.832+01:00  INFO 44581 --- [http-nio-8080-exec-1] o.s.web.servlet.DispatcherServlet        : Initializing Servlet 'dispatcherServlet'
2023-11-15T00:03:22.835+01:00  INFO 44581 --- [http-nio-8080-exec-1] o.s.web.servlet.DispatcherServlet        : Completed initialization in 3 ms
2023-11-15T00:03:23.051+01:00  WARN 44581 --- [http-nio-8080-exec-1] .m.m.a.ExceptionHandlerExceptionResolver : Resolved [org.springframework.http.converter.HttpMessageNotReadableException: JSON parse error: Cannot deserialize value of type `com.todo.TaskStatus` from String "v": not one of the values accepted for Enum class: [NOTIFIED, CANCELED, DONE, PLANNED, IN_PROGRESS]]
2023-11-15T00:04:14.771+01:00  WARN 44581 --- [http-nio-8080-exec-4] .m.m.a.ExceptionHandlerExceptionResolver : Resolved [com.todo.exceptions.ImmutableException: Status CANCELED of this task is immutable]
2023-11-15T00:08:24.727+01:00  INFO 44581 --- [SpringApplicationShutdownHook] j.LocalContainerEntityManagerFactoryBean : Closing JPA EntityManagerFactory for persistence unit 'default'
2023-11-15T00:08:24.728+01:00  INFO 44581 --- [SpringApplicationShutdownHook] com.zaxxer.hikari.HikariDataSource       : HikariPool-2 - Shutdown initiated...
2023-11-15T00:08:24.728+01:00  INFO 44581 --- [SpringApplicationShutdownHook] com.zaxxer.hikari.HikariDataSource       : HikariPool-2 - Shutdown completed.
